<?xml version="1.0" encoding="UTF-8"?>
<!-- Generated by org.testng.reporters.JUnitReportReporter -->
<testsuite hostname="MacBook-Pro-de-Despito.local" name="model.RockPaperScissorsTest" tests="11" failures="0" timestamp="7 Apr 2014 18:45:29 GMT" time="0.062" errors="0">
  <testcase name="testLostPlay" time="0.001" classname="model.RockPaperScissorsTest"/>
  <testcase name="testTiePlay" time="0.001" classname="model.RockPaperScissorsTest"/>
  <testcase name="testLostPlay" time="0.001" classname="model.RockPaperScissorsTest"/>
  <testcase name="playGame1" time="0.043" classname="model.RockPaperScissorsTest"/>
  <testcase name="testWinPlay" time="0.007" classname="model.RockPaperScissorsTest"/>
  <testcase name="testTiePlay" time="0.001" classname="model.RockPaperScissorsTest"/>
  <testcase name="testTiePlay" time="0.000" classname="model.RockPaperScissorsTest"/>
  <testcase name="testWinPlay" time="0.003" classname="model.RockPaperScissorsTest"/>
  <testcase name="testWinPlay" time="0.001" classname="model.RockPaperScissorsTest"/>
  <testcase name="testLostPlay" time="0.001" classname="model.RockPaperScissorsTest"/>
  <testcase name="playGame2" time="0.003" classname="model.RockPaperScissorsTest"/>
</testsuite> <!-- model.RockPaperScissorsTest -->
